23-Mar-2026 21:57:22.539 信息 [main] org.apache.catalina.startup.VersionLoggerListener.log Server.服务器版本: Apache Tomcat/9.0.115
23-Mar-2026 21:57:22.544 信息 [main] org.apache.catalina.startup.VersionLoggerListener.log 服务器构建:        Jan 21 2026 08:17:26 UTC
23-Mar-2026 21:57:22.544 信息 [main] org.apache.catalina.startup.VersionLoggerListener.log 服务器版本号:      9.0.115.0
23-Mar-2026 21:57:22.544 信息 [main] org.apache.catalina.startup.VersionLoggerListener.log 操作系统名称:      Windows 11
23-Mar-2026 21:57:22.544 信息 [main] org.apache.catalina.startup.VersionLoggerListener.log OS.版本:           10.0
23-Mar-2026 21:57:22.544 信息 [main] org.apache.catalina.startup.VersionLoggerListener.log 架构:              amd64
23-Mar-2026 21:57:22.544 信息 [main] org.apache.catalina.startup.VersionLoggerListener.log Java 环境变量:     D:\soft\Java\jdk-21
23-Mar-2026 21:57:22.544 信息 [main] org.apache.catalina.startup.VersionLoggerListener.log Java虚拟机版本:    21.0.8+12-LTS-250
23-Mar-2026 21:57:22.544 信息 [main] org.apache.catalina.startup.VersionLoggerListener.log JVM.供应商:        Oracle Corporation
23-Mar-2026 21:57:22.545 信息 [main] org.apache.catalina.startup.VersionLoggerListener.log CATALINA_BASE:     D:\JAVA\code\JavaWeb\src\main
23-Mar-2026 21:57:22.545 信息 [main] org.apache.catalina.startup.VersionLoggerListener.log CATALINA_HOME:     D:\develop\apache-tomcat-9.0.115-windows-x64\apache-tomcat-9.0.115
23-Mar-2026 21:57:22.553 信息 [main] org.apache.catalina.startup.VersionLoggerListener.log 命令行参数：       --add-opens=java.base/java.lang=ALL-UNNAMED
23-Mar-2026 21:57:22.553 信息 [main] org.apache.catalina.startup.VersionLoggerListener.log 命令行参数：       --add-opens=java.base/java.io=ALL-UNNAMED
23-Mar-2026 21:57:22.553 信息 [main] org.apache.catalina.startup.VersionLoggerListener.log 命令行参数：       --add-opens=java.base/java.util=ALL-UNNAMED
23-Mar-2026 21:57:22.553 信息 [main] org.apache.catalina.startup.VersionLoggerListener.log 命令行参数：       --add-opens=java.base/java.util.concurrent=ALL-UNNAMED
23-Mar-2026 21:57:22.553 信息 [main] org.apache.catalina.startup.VersionLoggerListener.log 命令行参数：       --add-opens=java.rmi/sun.rmi.transport=ALL-UNNAMED
23-Mar-2026 21:57:22.553 信息 [main] org.apache.catalina.startup.VersionLoggerListener.log 命令行参数：       -Dcatalina.home=D:\develop\apache-tomcat-9.0.115-windows-x64\apache-tomcat-9.0.115
23-Mar-2026 21:57:22.555 信息 [main] org.apache.catalina.startup.VersionLoggerListener.log 命令行参数：       -Dcatalina.base=D:\JAVA\code\JavaWeb\src\main
23-Mar-2026 21:57:22.555 信息 [main] org.apache.catalina.startup.VersionLoggerListener.log 命令行参数：       -Djava.io.tmpdir=D:\JAVA\code\JavaWeb\src\main\temp
23-Mar-2026 21:57:22.555 信息 [main] org.apache.catalina.startup.VersionLoggerListener.log 命令行参数：       -Djava.util.logging.config.file=D:\JAVA\code\JavaWeb\src\main\conf\logging.properties
23-Mar-2026 21:57:22.555 信息 [main] org.apache.catalina.startup.VersionLoggerListener.log 命令行参数：       -Djava.util.logging.manager=org.apache.juli.ClassLoaderLogManager
23-Mar-2026 21:57:22.555 信息 [main] org.apache.catalina.startup.VersionLoggerListener.log 命令行参数：       -javaagent:D:\develop\IntelliJIDEA2025.2.1\lib\idea_rt.jar=57272
23-Mar-2026 21:57:22.555 信息 [main] org.apache.catalina.startup.VersionLoggerListener.log 命令行参数：       -Dfile.encoding=UTF-8
23-Mar-2026 21:57:22.555 信息 [main] org.apache.catalina.startup.VersionLoggerListener.log 命令行参数：       -Dsun.stdout.encoding=UTF-8
23-Mar-2026 21:57:22.555 信息 [main] org.apache.catalina.startup.VersionLoggerListener.log 命令行参数：       -Dsun.stderr.encoding=UTF-8
23-Mar-2026 21:57:22.569 信息 [main] org.apache.catalina.core.AprLifecycleListener.lifecycleEvent 使用APR版本[1.7.6]加载了基于APR的Apache Tomcat本机库[1.3.5]。
23-Mar-2026 21:57:22.569 信息 [main] org.apache.catalina.core.AprLifecycleListener.lifecycleEvent APR功能：IPv6[true]、sendfile[true]、accept filters[false]、random[true]、UDS [true]。
23-Mar-2026 21:57:22.569 信息 [main] org.apache.catalina.core.AprLifecycleListener.lifecycleEvent APR/OpenSSL配置：useAprConnector[false]，useOpenSSL[true]
23-Mar-2026 21:57:22.586 信息 [main] org.apache.catalina.core.AprLifecycleListener.initializeSSL OpenSSL成功初始化 [OpenSSL 3.0.18 30 Sep 2025]
23-Mar-2026 21:57:22.905 信息 [main] org.apache.coyote.AbstractProtocol.init 初始化协议处理器 ["http-nio-8080"]
23-Mar-2026 21:57:22.929 信息 [main] org.apache.catalina.startup.Catalina.load 服务器在[635]毫秒内初始化
23-Mar-2026 21:57:22.988 信息 [main] org.apache.catalina.core.StandardService.startInternal 正在启动服务[Catalina]
23-Mar-2026 21:57:22.988 信息 [main] org.apache.catalina.core.StandardEngine.startInternal 正在启动 Servlet 引擎：[Apache Tomcat/9.0.115]
23-Mar-2026 21:57:22.997 信息 [main] org.apache.catalina.startup.HostConfig.deployDescriptor 正在部署部署描述符[D:\JAVA\code\JavaWeb\src\main\conf\Catalina\localhost\ROOT.xml]。
23-Mar-2026 21:57:23.339 信息 [main] org.apache.catalina.startup.HostConfig.deployDescriptor 部署描述符[D:\JAVA\code\JavaWeb\src\main\conf\Catalina\localhost\ROOT.xml]的部署已在[339]ms内完成
23-Mar-2026 21:57:23.344 信息 [main] org.apache.coyote.AbstractProtocol.start 开始协议处理句柄["http-nio-8080"]
23-Mar-2026 21:57:23.372 信息 [main] org.apache.catalina.startup.Catalina.start [440]毫秒后服务器启动
23-Mar-2026 22:02:25.384 信息 [Thread-1] org.apache.coyote.AbstractProtocol.pause 暂停ProtocolHandler["http-nio-8080"]
23-Mar-2026 22:02:25.390 信息 [Thread-1] org.apache.catalina.core.StandardService.stopInternal 正在停止服务[Catalina]
23-Mar-2026 22:02:25.397 信息 [Thread-1] org.apache.coyote.AbstractProtocol.stop 正在停止ProtocolHandler ["http-nio-8080"]
23-Mar-2026 22:02:25.400 信息 [Thread-1] org.apache.coyote.AbstractProtocol.destroy 正在销毁协议处理器 ["http-nio-8080"]
